c:\users\jlevi\source\repos\hack-ohio-2020\graph modules\release\vc142.pdb
c:\users\jlevi\source\repos\hack-ohio-2020\graph modules\release\undirectedweightedgraphedge.obj
c:\users\jlevi\source\repos\hack-ohio-2020\graph modules\release\undirectedweightedgraph.obj
c:\users\jlevi\source\repos\hack-ohio-2020\graph modules\release\graph_modules.obj
c:\users\jlevi\source\repos\hack-ohio-2020\graph modules\release\graphnode.obj
c:\users\jlevi\source\repos\hack-ohio-2020\graph modules\release\disjointset.obj
c:\users\jlevi\source\repos\hack-ohio-2020\release\graph_modules.lib
c:\users\jlevi\source\repos\hack-ohio-2020\release\graph_modules.exp
c:\users\jlevi\source\repos\hack-ohio-2020\release\graph_modules.ipdb
c:\users\jlevi\source\repos\hack-ohio-2020\release\graph_modules.iobj
c:\users\jlevi\source\repos\hack-ohio-2020\release\graph_modules.pyd
c:\users\jlevi\source\repos\hack-ohio-2020\release\graph_modules.pdb
c:\users\jlevi\source\repos\hack-ohio-2020\graph modules\release\graph modules.tlog\cl.command.1.tlog
c:\users\jlevi\source\repos\hack-ohio-2020\graph modules\release\graph modules.tlog\cl.read.1.tlog
c:\users\jlevi\source\repos\hack-ohio-2020\graph modules\release\graph modules.tlog\cl.write.1.tlog
c:\users\jlevi\source\repos\hack-ohio-2020\graph modules\release\graph modules.tlog\graph modules.write.1u.tlog
c:\users\jlevi\source\repos\hack-ohio-2020\graph modules\release\graph modules.tlog\link.command.1.tlog
c:\users\jlevi\source\repos\hack-ohio-2020\graph modules\release\graph modules.tlog\link.delete.1.tlog
c:\users\jlevi\source\repos\hack-ohio-2020\graph modules\release\graph modules.tlog\link.read.1.tlog
c:\users\jlevi\source\repos\hack-ohio-2020\graph modules\release\graph modules.tlog\link.write.1.tlog
